Build started 2/14/2012 4:15:40 AM.
     1>Project "C:\Users\Raphael\Documents\frc12\Trunk\EvaCV\EvaCV\EvaCV.vcxproj" on node 2 (build target(s)).
     1>InitializeBuildStatus:
         Touching "Debug\EvaCV.unsuccessfulbuild".
       ClCompile:
         C:\Program Files (x86)\Microsoft Visual Studio 10.0\VC\bin\CL.exe /c /ZI /nologo /W3 /WX- /Od /Oy- /D WIN32 /D _DEBUG /D _CONSOLE /D _UNICODE /D UNICODE /Gm /EHsc /RTC1 /MDd /GS /fp:precise /Zc:wchar_t /Zc:forScope /Fo"Debug\\" /Fd"Debug\vc100.pdb" /Gd /TP /analyze- /errorReport:prompt main.cpp
         main.cpp
     1>c:\users\raphael\documents\frc12\trunk\evacv\evacv\main.cpp(1): fatal error C1083: Cannot open include file: 'opencv.hpp': No such file or directory
     1>Done Building Project "C:\Users\Raphael\Documents\frc12\Trunk\EvaCV\EvaCV\EvaCV.vcxproj" (build target(s)) -- FAILED.

Build FAILED.

Time Elapsed 00:00:02.39
